ERR6913309.1478.1	NC_074405.1	93.182	88	6	0	22	109	91	4	3.56e-29	130
ERR6913309.3534.1	NC_070920.1	100.000	28	0	0	82	109	22198	22225	1.48e-05	52.8
ERR6913309.3652.1	NC_009020.1	96.875	32	0	1	40	71	21362	21332	1.47e-05	52.8
ERR6913309.4777.1	NC_074583.1	85.965	171	24	0	1	171	235	405	4.60e-45	183
ERR6913309.5076.1	NC_055913.1	89.474	57	3	3	120	174	76504	76559	1.47e-10	69.4
ERR6913309.5076.1	NC_055847.1	89.286	56	5	1	120	174	77489	77544	1.47e-10	69.4
ERR6913309.5076.1	NC_055850.1	89.474	57	3	3	120	174	76471	76526	1.47e-10	69.4
ERR6913309.5076.1	NC_055849.1	89.474	57	3	3	120	174	75953	76008	1.47e-10	69.4
ERR6913309.5076.1	NC_055851.1	89.474	57	3	3	120	174	75916	75971	1.47e-10	69.4
ERR6913309.5076.1	NC_055848.1	89.474	57	3	3	120	174	75676	75731	1.47e-10	69.4
ERR6913309.5076.1	NC_055830.1	89.474	57	3	3	120	174	76545	76600	1.47e-10	69.4
ERR6913309.5076.1	NC_055800.1	89.474	57	3	3	120	174	72075	72130	1.47e-10	69.4
ERR6913309.5076.1	NC_055794.1	89.474	57	3	3	120	174	75422	75477	1.47e-10	69.4
ERR6913309.5076.1	NC_042116.1	92.157	51	1	2	192	240	316724	316773	1.47e-10	69.4
ERR6913309.5076.1	NC_042095.1	89.474	57	3	3	120	174	77888	77943	1.47e-10	69.4
ERR6913309.5076.1	NC_042094.1	89.474	57	3	3	120	174	75746	75801	1.47e-10	69.4
ERR6913309.5076.1	NC_055829.1	87.719	57	4	3	120	174	75897	75952	6.82e-09	63.9
ERR6913309.5076.1	NC_042086.1	100.000	34	0	0	199	232	42326	42293	6.82e-09	63.9
ERR6913309.6141.1	NC_047817.1	98.810	168	2	0	1	168	1742	1909	3.17e-80	300
ERR6913309.7632.1	NC_074405.1	98.276	58	1	0	1	58	79	136	8.92e-21	102
ERR6913309.13747.1	NC_074405.1	100.000	110	0	0	41	150	1	110	2.23e-51	204
ERR6913309.15603.1	NC_074405.1	100.000	76	0	0	1	76	33	108	7.30e-33	141
ERR6913309.15857.1	NC_049941.1	82.326	215	38	0	5	219	57597	57811	3.50e-46	187
ERR6913309.17454.1	NC_042128.1	99.251	267	2	0	1	267	113935	113669	5.00e-135	483
ERR6913309.17454.1	NC_042128.1	99.620	263	1	0	1	263	106587	106325	1.80e-134	481
ERR6913309.17454.1	NC_005856.1	86.415	265	34	2	1	264	8587	8850	1.17e-76	289
ERR6913309.17396.1	NC_074405.1	100.000	53	0	0	1	53	17	69	2.80e-20	99.0
ERR6913309.18539.1	NC_074405.1	88.793	116	13	0	32	147	4	119	5.05e-33	143
ERR6913309.19444.1	NC_074405.1	99.091	110	1	0	1	110	27	136	9.30e-50	198
ERR6913309.20589.1	NC_049450.1	98.246	114	2	0	1	114	15850	15963	2.07e-50	200
ERR6913309.22304.1	NC_074583.1	97.468	158	4	0	1	158	248	405	2.48e-71	270
ERR6913309.25976.1	NC_019445.1	83.212	274	46	0	5	278	17926	18199	1.59e-65	252
ERR6913309.25976.1	NC_007804.2	82.482	274	48	0	5	278	6359	6632	3.44e-62	241
ERR6913309.27918.1	NC_074405.1	100.000	119	0	0	1	119	119	1	2.73e-56	220
ERR6913309.32519.1	NC_049342.1	95.413	109	5	0	6	114	32375	32483	1.54e-42	174
ERR6913309.33843.1	NC_074405.1	93.182	88	6	0	8	95	91	4	4.59e-29	130
ERR6913309.36082.1	NC_074405.1	98.438	128	1	1	135	261	1	128	3.27e-57	224
ERR6913309.38602.1	NC_074405.1	100.000	32	0	0	1	32	32	1	4.33e-08	60.2
ERR6913309.39035.1	NC_074405.1	99.265	136	1	0	90	225	1	136	6.43e-64	246
ERR6913309.41189.1	NC_078985.1	100.000	40	0	0	8	47	1	40	2.09e-12	75.0
ERR6913309.43058.1	NC_049951.1	100.000	101	0	0	1	101	29101	29201	1.38e-46	187
ERR6913309.43058.1	NC_050152.1	100.000	101	0	0	1	101	92244	92344	1.38e-46	187
ERR6913309.43058.1	NC_002166.1	100.000	101	0	0	1	101	26838	26938	1.38e-46	187
ERR6913309.43058.1	NC_031129.1	100.000	98	0	0	1	98	64292	64389	6.41e-45	182
ERR6913309.43043.1	NC_074583.1	92.053	151	6	5	1	147	287	139	1.68e-52	207
ERR6913309.44906.1	NC_074405.1	100.000	67	0	0	95	161	1	67	1.95e-27	124
ERR6913309.45044.1	NC_049450.1	100.000	215	0	0	1	215	25218	25004	1.45e-109	398
ERR6913309.46751.1	NC_074583.1	96.930	228	7	0	6	233	178	405	4.78e-105	383
ERR6913309.47343.1	NC_074405.1	99.219	128	1	0	1	128	8	135	8.42e-60	231
ERR6913309.50710.1	NC_078985.1	100.000	40	0	0	4	43	40	1	1.75e-12	75.0
ERR6913309.49692.1	NC_049450.1	95.385	130	6	0	22	151	1243	1114	1.74e-52	207
ERR6913309.49927.1	NC_074405.1	100.000	105	0	0	52	156	1	105	1.41e-48	195
ERR6913309.54255.1	NC_074405.1	94.565	92	5	0	43	134	1	92	4.90e-33	143
ERR6913309.55523.1	NC_074405.1	100.000	102	0	0	79	180	1	102	7.76e-47	189
ERR6913309.55569.1	NC_074405.1	87.903	124	15	0	71	194	4	127	6.18e-34	147
ERR6913309.56261.1	NC_074583.1	90.860	186	7	9	1	180	110	291	2.11e-62	241
ERR6913309.57055.1	NC_049451.1	100.000	279	0	0	1	279	29088	28810	5.13e-145	516
ERR6913309.57055.1	NC_049453.1	100.000	279	0	0	1	279	5054	5332	5.13e-145	516
ERR6913309.58947.1	NC_049454.1	100.000	232	0	0	1	232	32874	33105	5.62e-119	429
ERR6913309.58947.1	NC_049448.1	100.000	232	0	0	1	232	966	735	5.62e-119	429
ERR6913309.58947.1	NC_049342.1	95.708	233	8	2	1	232	30086	30317	2.67e-102	374
ERR6913309.59706.1	NC_074583.1	89.423	104	5	5	1	100	112	213	3.01e-28	126
ERR6913309.59812.1	NC_042128.1	100.000	166	0	0	1	166	106443	106608	1.88e-82	307
ERR6913309.59812.1	NC_042128.1	100.000	166	0	0	1	166	113791	113956	1.88e-82	307
ERR6913309.59812.1	NC_005856.1	88.554	166	19	0	1	166	8731	8566	9.13e-51	202
ERR6913309.62879.1	NC_049451.1	98.684	76	1	0	1	76	15067	14992	3.40e-31	135
ERR6913309.65509.1	NC_074583.1	100.000	44	0	0	1	44	362	405	1.94e-14	82.4
ERR6913309.66452.1	NC_074583.1	97.143	140	4	0	1	140	266	405	3.57e-61	237
ERR6913309.68634.1	NC_078985.1	95.000	40	2	0	30	69	40	1	3.28e-09	63.9
ERR6913309.71940.1	NC_074405.1	93.182	88	6	0	72	159	4	91	4.68e-29	130
ERR6913309.72625.1	NC_021857.1	93.836	146	9	0	1	146	40172	40027	2.14e-56	220
ERR6913309.72625.1	NC_005344.1	93.836	146	9	0	1	146	33949	33804	2.14e-56	220
ERR6913309.75883.1	NC_074583.1	100.000	74	0	0	1	74	332	405	2.43e-31	137
ERR6913309.77079.1	NC_074405.1	99.091	110	1	0	1	110	27	136	2.14e-49	198
ERR6913309.77879.1	NC_074583.1	96.610	118	4	0	1	118	235	352	2.80e-49	196
ERR6913309.78382.1	NC_078985.1	97.368	38	1	0	15	52	1	38	1.36e-09	65.8
ERR6913309.77700.1	NC_028696.2	100.000	112	0	0	1	112	16947	16836	1.21e-52	207
ERR6913309.77700.1	NC_028696.2	100.000	112	0	0	1	112	39572	39461	1.21e-52	207
ERR6913309.77700.1	NC_005344.1	91.964	112	9	0	1	112	33072	32961	1.24e-37	158
ERR6913309.81102.1	NC_049450.1	99.576	236	1	0	1	236	1085	850	1.59e-119	431
ERR6913309.87796.1	NC_074405.1	87.640	89	11	0	1	89	39	127	1.39e-21	104
ERR6913309.88164.1	NC_048804.1	90.909	55	5	0	1	55	82069	82015	1.44e-12	75.0
ERR6913309.89126.1	NC_074405.1	87.879	99	12	0	43	141	127	29	2.77e-25	117
ERR6913309.89915.1	NC_074583.1	88.776	98	5	5	1	94	230	135	5.99e-25	115
ERR6913309.90463.1	NC_047833.1	80.000	250	48	2	1	249	27010	27258	5.42e-45	183
ERR6913309.90964.1	NC_049454.1	99.419	172	0	1	1	171	33091	32920	1.50e-83	311
ERR6913309.90964.1	NC_049448.1	99.419	172	0	1	1	171	749	920	1.50e-83	311
ERR6913309.90964.1	NC_049342.1	94.767	172	8	1	1	171	30303	30132	3.28e-70	267
ERR6913309.92081.1	NC_074405.1	87.903	124	15	0	41	164	4	127	7.69e-34	147
ERR6913309.93428.1	NC_047817.1	82.143	252	45	0	16	267	20109	19858	5.55e-55	217
ERR6913309.95748.1	NC_074405.1	98.851	87	1	0	20	106	136	50	4.14e-37	156
ERR6913309.96794.1	NC_049450.1	99.156	237	2	0	1	237	13349	13585	2.07e-118	427
ERR6913309.98504.1	NC_074405.1	88.608	79	8	1	61	138	19	97	2.64e-18	95.3
ERR6913309.98625.1	NC_049451.1	87.402	127	14	2	13	138	13989	14114	1.24e-33	145
ERR6913309.104977.1	NC_049942.1	94.937	79	4	0	26	104	23637	23559	1.95e-27	124
ERR6913309.104977.1	NC_016158.1	94.643	56	3	0	27	82	44518	44463	2.55e-16	87.9
ERR6913309.105365.1	NC_078985.1	100.000	40	0	0	225	264	40	1	3.59e-12	75.0
ERR6913309.106505.1	NC_074583.1	94.043	235	8	5	1	231	339	107	1.33e-95	351
ERR6913309.106658.1	NC_074405.1	88.793	116	13	0	1	116	119	4	4.74e-33	143
ERR6913309.106591.1	NC_016761.1	98.165	109	2	0	1	109	12585	12693	1.18e-47	191
ERR6913309.110121.1	NC_074405.1	100.000	105	0	0	1	105	108	4	8.67e-49	195
ERR6913309.113109.1	NC_054662.1	86.441	59	7	1	95	152	48702	48644	4.30e-09	63.9
ERR6913309.115079.1	NC_074583.1	95.620	137	6	0	1	137	151	287	1.98e-56	220
ERR6913309.115734.1	NC_074405.1	100.000	107	0	0	1	107	107	1	9.72e-50	198
ERR6913309.117087.1	NC_074405.1	95.385	65	3	0	19	83	91	27	1.09e-21	104
ERR6913309.118277.1	NC_042128.1	100.000	243	0	0	1	243	106570	106328	4.57e-125	449
ERR6913309.118277.1	NC_042128.1	100.000	243	0	0	1	243	113918	113676	4.57e-125	449
ERR6913309.118277.1	NC_005856.1	86.420	243	31	2	3	244	8606	8847	1.77e-69	265
ERR6913309.120323.1	NC_070922.1	94.853	136	7	0	1	136	373	508	3.29e-54	213
ERR6913309.120323.1	NC_070924.1	94.853	136	7	0	1	136	373	508	3.29e-54	213
ERR6913309.120323.1	NC_070923.1	94.853	136	7	0	1	136	373	508	3.29e-54	213
ERR6913309.120323.1	NC_070926.1	94.853	136	7	0	1	136	184	319	3.29e-54	213
ERR6913309.120323.1	NC_070925.1	94.853	136	7	0	1	136	373	508	3.29e-54	213
ERR6913309.120323.1	NC_031915.1	94.853	136	7	0	1	136	36936	36801	3.29e-54	213
ERR6913309.120323.1	NC_031901.1	94.853	136	7	0	1	136	4997	4862	3.29e-54	213
ERR6913309.120323.1	NC_031907.1	94.853	136	7	0	1	136	32722	32587	3.29e-54	213
ERR6913309.120323.1	NC_031913.1	94.853	136	7	0	1	136	41156	41021	3.29e-54	213
ERR6913309.120323.1	NC_031923.1	94.853	136	7	0	1	136	41727	41592	3.29e-54	213
ERR6913309.120323.1	NC_003050.2	94.118	136	8	0	1	136	475	610	1.53e-52	207
ERR6913309.120393.1	NC_074405.1	93.182	88	6	0	50	137	4	91	4.56e-29	130
ERR6913309.126537.1	NC_049450.1	93.548	155	10	0	1	155	3715	3869	1.07e-59	231
ERR6913309.130761.1	NC_075989.1	100.000	33	0	0	1	33	4	36	1.08e-08	62.1
ERR6913309.133496.1	NC_078985.1	100.000	40	0	0	4	43	40	1	1.81e-12	75.0
ERR6913309.133522.1	NC_074583.1	91.837	147	6	5	1	143	256	112	2.72e-50	200
ERR6913309.137591.1	NC_078985.1	95.000	40	2	0	160	199	1	40	6.34e-09	63.9
ERR6913309.139576.1	NC_074583.1	94.604	278	9	5	11	284	405	130	9.07e-118	425
ERR6913309.140325.1	NC_074583.1	93.182	44	3	0	170	213	360	403	1.66e-09	65.8
ERR6913309.141875.1	NC_078985.1	100.000	36	0	0	90	125	40	5	2.44e-10	67.6
ERR6913309.144451.1	NC_042128.1	98.805	251	3	0	1	251	22719	22469	1.69e-124	448
ERR6913309.144331.1	NC_074583.1	85.849	212	30	0	1	212	194	405	7.30e-58	226
ERR6913309.145523.1	NC_078985.1	95.000	40	2	0	7	46	40	1	5.07e-09	63.9
ERR6913309.147209.1	NC_049450.1	96.396	111	4	0	1	111	33376	33486	2.02e-45	183
ERR6913309.147599.1	NC_074405.1	90.517	116	11	0	21	136	1	116	2.02e-36	154
ERR6913309.151545.1	NC_074583.1	90.580	138	6	6	1	133	242	107	4.47e-43	176
ERR6913309.152792.1	NC_049451.1	90.038	261	26	0	1	261	11679	11939	1.11e-91	339
ERR6913309.152629.1	NC_049451.1	90.074	272	27	0	1	272	11867	11596	4.14e-96	353
ERR6913309.153601.1	NC_042128.1	99.346	153	1	0	135	287	113672	113824	2.72e-73	278
ERR6913309.153601.1	NC_042128.1	99.342	152	1	0	136	287	106325	106476	9.78e-73	276
ERR6913309.153610.1	NC_074583.1	94.792	96	4	1	4	98	170	265	6.25e-35	148
ERR6913309.155096.1	NC_049451.1	99.510	204	1	0	1	204	6975	7178	8.30e-102	372
ERR6913309.156666.1	NC_074405.1	100.000	32	0	0	1	32	32	1	5.20e-08	60.2
ERR6913309.157934.1	NC_074405.1	99.248	133	1	0	1	133	133	1	1.98e-62	241
ERR6913309.158873.1	NC_074583.1	97.500	160	4	0	11	170	405	246	1.95e-72	274
ERR6913309.159706.1	NC_074405.1	100.000	103	0	0	82	184	1	103	2.21e-47	191
ERR6913309.159747.1	NC_042128.1	100.000	118	0	0	1	118	106444	106561	5.98e-56	219
ERR6913309.159747.1	NC_042128.1	100.000	118	0	0	1	118	113792	113909	5.98e-56	219
ERR6913309.159747.1	NC_005856.1	86.441	118	16	0	1	118	8730	8613	2.88e-29	130
ERR6913309.163390.1	NC_074583.1	86.585	82	5	5	1	78	199	120	3.61e-16	86.1
ERR6913309.164131.1	NC_074405.1	88.000	125	14	1	4	127	128	4	4.09e-34	147
ERR6913309.165901.1	NC_074583.1	97.222	144	4	0	37	180	405	262	1.63e-63	244
ERR6913309.168057.1	NC_027396.1	99.329	149	1	0	1	149	25741	25889	2.15e-71	270
ERR6913309.168057.1	NC_004996.1	94.521	146	8	0	1	146	9029	9174	4.73e-58	226
ERR6913309.168539.1	NC_049450.1	95.848	289	12	0	1	289	22769	23057	1.51e-130	468
ERR6913309.173932.1	NC_078985.1	95.000	40	2	0	1	40	1	40	4.72e-09	63.9
ERR6913309.174193.1	NC_074583.1	97.674	129	3	0	88	216	405	277	9.44e-57	222
ERR6913309.177632.1	NC_054966.1	100.000	36	0	0	228	263	687	652	5.82e-10	67.6
ERR6913309.177632.1	NC_071148.1	100.000	34	0	0	230	263	17776	17743	7.52e-09	63.9
ERR6913309.177632.1	NC_071147.1	100.000	34	0	0	230	263	40279	40246	7.52e-09	63.9
ERR6913309.177632.1	NC_071151.1	100.000	34	0	0	230	263	25970	25937	7.52e-09	63.9
ERR6913309.177632.1	NC_071149.1	100.000	34	0	0	230	263	25950	25917	7.52e-09	63.9
ERR6913309.177632.1	NC_071156.1	100.000	34	0	0	230	263	21808	21775	7.52e-09	63.9
ERR6913309.177632.1	NC_071150.1	100.000	34	0	0	230	263	25643	25610	7.52e-09	63.9
ERR6913309.177632.1	NC_071153.1	100.000	34	0	0	230	263	20880	20847	7.52e-09	63.9
ERR6913309.177632.1	NC_025430.1	91.489	47	1	3	217	263	41237	41280	2.71e-08	62.1
ERR6913309.177632.1	NC_049462.1	97.143	35	1	0	229	263	22752	22718	9.73e-08	60.2
ERR6913309.177632.1	NC_049472.1	97.059	34	1	0	230	263	90246	90213	3.50e-07	58.4
ERR6913309.177673.1	NC_074583.1	100.000	45	0	0	1	45	400	356	5.14e-16	84.2
ERR6913309.178721.1	NC_074583.1	91.870	123	10	0	1	123	112	234	4.92e-42	172
ERR6913309.178894.1	NC_042128.1	100.000	92	0	0	1	92	18514	18423	1.22e-41	171
ERR6913309.179162.1	NC_022749.1	99.367	158	1	0	1	158	35606	35449	2.29e-76	287
ERR6913309.179162.1	NC_005856.1	96.203	158	6	0	1	158	22973	23130	5.00e-68	259
ERR6913309.179162.1	NC_042128.1	95.597	159	6	1	1	158	107823	107981	2.33e-66	254
ERR6913309.182642.1	NC_016761.1	93.717	191	12	0	1	191	13045	12855	2.87e-76	287
ERR6913309.183763.1	NC_023503.1	89.630	135	14	0	1	135	45739	45605	5.58e-42	172
ERR6913309.184324.1	NC_074583.1	98.077	104	2	0	16	119	405	302	7.93e-45	182
ERR6913309.184439.1	NC_078985.1	97.500	40	1	0	65	104	1	40	1.23e-10	69.4
ERR6913309.185599.1	NC_047817.1	88.710	186	21	0	1	186	26580	26395	1.71e-58	228
ERR6913309.187486.1	NC_074405.1	99.265	136	1	0	106	241	136	1	6.84e-64	246
ERR6913309.190637.1	NC_074583.1	100.000	84	0	0	46	129	405	322	5.27e-37	156
ERR6913309.192239.1	NC_074583.1	84.821	112	10	6	13	119	142	251	9.56e-22	106
ERR6913309.193262.1	NC_074405.1	99.074	108	1	0	1	108	108	1	1.85e-48	195
ERR6913309.195161.1	NC_049451.1	95.556	270	12	0	1	270	8389	8120	5.12e-120	433
ERR6913309.195161.1	NC_070911.1	85.484	248	34	2	24	270	4353	4107	3.31e-67	257
ERR6913309.195161.1	NC_029003.2	85.246	244	34	2	24	266	4959	4717	5.54e-65	250
ERR6913309.195161.1	NC_021774.1	85.246	244	34	2	24	266	4896	4654	5.54e-65	250
ERR6913309.195161.1	NC_049459.1	84.836	244	35	2	24	266	5698	5456	2.58e-63	244
ERR6913309.195161.1	NC_047833.1	82.869	251	43	0	20	270	5681	5431	9.34e-58	226
ERR6913309.195161.1	NC_070908.1	81.301	246	46	0	18	263	4938	4693	5.66e-50	200
ERR6913309.195161.1	NC_028943.1	81.301	246	46	0	18	263	12067	11822	5.66e-50	200
ERR6913309.195161.1	NC_070904.1	81.818	231	42	0	18	248	28625	28855	2.63e-48	195
ERR6913309.195161.1	NC_049461.1	80.894	246	47	0	18	263	4937	4692	2.63e-48	195
ERR6913309.195161.1	NC_028896.1	81.818	231	42	0	18	248	17427	17657	2.63e-48	195
ERR6913309.195161.1	NC_070903.1	81.385	231	43	0	18	248	28424	28654	1.22e-46	189
ERR6913309.195161.1	NC_070906.1	81.385	231	43	0	18	248	27047	27277	1.22e-46	189
ERR6913309.195161.1	NC_070905.1	80.488	246	48	0	18	263	4822	4577	1.22e-46	189
ERR6913309.195161.1	NC_049457.1	81.385	231	43	0	18	248	33565	33795	1.22e-46	189
ERR6913309.195161.1	NC_041848.1	80.488	246	48	0	18	263	13729	13484	1.22e-46	189
ERR6913309.197098.1	NC_029021.1	92.105	38	3	0	90	127	59645	59682	2.30e-06	54.7
ERR6913309.197048.1	NC_005294.1	93.750	64	4	0	20	83	14754	14691	1.82e-19	97.1
ERR6913309.202137.1	NC_005856.1	100.000	258	0	0	1	258	8567	8310	2.22e-133	477
ERR6913309.202137.1	NC_042128.1	93.411	258	17	0	1	258	106607	106864	4.98e-105	383
ERR6913309.202137.1	NC_042128.1	93.411	258	17	0	1	258	113955	114212	4.98e-105	383
ERR6913309.205789.1	NC_074405.1	98.901	91	1	0	3	93	124	34	2.08e-39	163
ERR6913309.206813.1	NC_004996.1	97.959	49	1	0	3	51	6876	6924	1.84e-16	86.1
ERR6913309.207504.1	NC_049451.1	90.710	183	17	0	1	183	24391	24573	1.79e-63	244
ERR6913309.209510.1	NC_004775.2	80.392	102	18	2	125	225	35873	35973	9.05e-13	76.8
ERR6913309.210468.1	NC_078985.1	100.000	40	0	0	6	45	40	1	2.14e-12	75.0
ERR6913309.210865.1	NC_022749.1	98.750	240	3	0	1	240	35603	35364	2.10e-118	427
ERR6913309.210865.1	NC_005856.1	97.083	240	7	0	1	240	22976	23215	9.84e-112	405
ERR6913309.210865.1	NC_042128.1	96.680	241	7	1	1	240	107826	108066	4.58e-110	399
ERR6913309.211966.1	NC_049451.1	100.000	111	0	0	1	111	28944	29054	4.30e-52	206
ERR6913309.211966.1	NC_049453.1	100.000	111	0	0	1	111	5198	5088	4.30e-52	206
ERR6913309.215494.1	NC_074405.1	98.361	122	1	1	4	124	128	7	2.93e-54	213
ERR6913309.216192.1	NC_078985.1	97.500	40	1	0	148	187	40	1	1.16e-10	69.4
ERR6913309.221620.1	NC_049451.1	97.030	101	3	0	1	101	14184	14084	1.42e-41	171
ERR6913309.223267.1	NC_049450.1	98.239	284	5	0	1	284	26396	26113	1.89e-139	497
ERR6913309.223268.1	NC_042128.1	98.507	268	4	0	1	268	106970	107237	2.99e-132	473
ERR6913309.223268.1	NC_042128.1	98.507	268	4	0	1	268	114318	114585	2.99e-132	473
ERR6913309.223268.1	NC_005856.1	95.896	268	11	0	1	268	8204	7937	1.41e-120	435
ERR6913309.223907.1	NC_049450.1	98.940	283	3	0	1	283	35116	34834	3.14e-142	507
ERR6913309.224631.1	NC_074405.1	92.500	80	6	0	31	110	4	83	7.38e-25	115
ERR6913309.224930.1	NC_005856.1	100.000	102	0	0	1	102	8569	8468	3.88e-47	189
ERR6913309.226636.1	NC_074583.1	92.857	154	5	5	1	150	126	277	7.97e-56	219
